2017-09-16 21:18:17 WARNING 一个warning信息
2017-09-16 21:18:17 ERROR 一个error信息
2017-09-16 21:18:17 CRITICAL 一个致命critical信息
2017-09-17 11:00:33 ERROR HTTPConnectionPool(host='nanrenvip.net', port=80): Max retries exceeded with url: /find.html (Caused by ConnectTimeoutError(<urllib3.connection.HTTPConnection object at 0x7eff0165c390>, 'Connection to nanrenvip.net timed out. (connect timeout=10)'))
2017-09-17 11:00:43 ERROR HTTPConnectionPool(host='nanrenvip.net', port=80): Max retries exceeded with url: /find.html (Caused by ConnectTimeoutError(<urllib3.connection.HTTPConnection object at 0x7eff0165cbe0>, 'Connection to nanrenvip.net timed out. (connect timeout=10)'))
2017-09-17 11:00:53 ERROR HTTPConnectionPool(host='nanrenvip.net', port=80): Max retries exceeded with url: /find.html (Caused by ConnectTimeoutError(<urllib3.connection.HTTPConnection object at 0x7eff01675438>, 'Connection to nanrenvip.net timed out. (connect timeout=10)'))
2017-09-17 11:01:03 ERROR HTTPConnectionPool(host='nanrenvip.net', port=80): Max retries exceeded with url: /find.html (Caused by ConnectTimeoutError(<urllib3.connection.HTTPConnection object at 0x7eff0165c4a8>, 'Connection to nanrenvip.net timed out. (connect timeout=10)'))
2017-09-17 11:01:03 ERROR [Errno 2] No such file or directory: 'D://MyDrivers//cache//html//find.html'
2017-09-17 11:06:09 ERROR name 'SysConst' is not defined
2017-09-17 11:07:07 ERROR HTTPConnectionPool(host='nanrenvip.net', port=80): Max retries exceeded with url: /find.html (Caused by ConnectTimeoutError(<urllib3.connection.HTTPConnection object at 0x7f0258dbe3c8>, 'Connection to nanrenvip.net timed out. (connect timeout=10)'))
2017-09-17 11:07:17 ERROR HTTPConnectionPool(host='nanrenvip.net', port=80): Max retries exceeded with url: /find.html (Caused by ConnectTimeoutError(<urllib3.connection.HTTPConnection object at 0x7f0258dbec18>, 'Connection to nanrenvip.net timed out. (connect timeout=10)'))
2017-09-17 11:07:27 ERROR HTTPConnectionPool(host='nanrenvip.net', port=80): Max retries exceeded with url: /find.html (Caused by ConnectTimeoutError(<urllib3.connection.HTTPConnection object at 0x7f0258dd6470>, 'Connection to nanrenvip.net timed out. (connect timeout=10)'))
2017-09-17 11:07:37 ERROR HTTPConnectionPool(host='nanrenvip.net', port=80): Max retries exceeded with url: /find.html (Caused by ConnectTimeoutError(<urllib3.connection.HTTPConnection object at 0x7f0258dbe080>, 'Connection to nanrenvip.net timed out. (connect timeout=10)'))
2017-09-17 11:07:37 ERROR Can't convert 'NoneType' object to str implicitly
2017-09-17 11:09:29 ERROR HTTPConnectionPool(host='nanrenvip.net', port=80): Max retries exceeded with url: /find.html (Caused by ConnectTimeoutError(<urllib3.connection.HTTPConnection object at 0x7ff15d0df400>, 'Connection to nanrenvip.net timed out. (connect timeout=10)'))
2017-09-17 11:09:39 ERROR HTTPConnectionPool(host='nanrenvip.net', port=80): Max retries exceeded with url: /find.html (Caused by ConnectTimeoutError(<urllib3.connection.HTTPConnection object at 0x7ff15d0dfc50>, 'Connection to nanrenvip.net timed out. (connect timeout=10)'))
2017-09-17 11:09:49 ERROR HTTPConnectionPool(host='nanrenvip.net', port=80): Max retries exceeded with url: /find.html (Caused by ConnectTimeoutError(<urllib3.connection.HTTPConnection object at 0x7ff15d0f74a8>, 'Connection to nanrenvip.net timed out. (connect timeout=10)'))
2017-09-17 11:09:59 ERROR HTTPConnectionPool(host='nanrenvip.net', port=80): Max retries exceeded with url: /find.html (Caused by ConnectTimeoutError(<urllib3.connection.HTTPConnection object at 0x7ff15d0df198>, 'Connection to nanrenvip.net timed out. (connect timeout=10)'))
2017-09-17 11:09:59 ERROR Can't convert 'NoneType' object to str implicitly
2017-09-17 11:11:00 ERROR HTTPConnectionPool(host='nanrenvip.net', port=80): Max retries exceeded with url: /find.html (Caused by ConnectTimeoutError(<urllib3.connection.HTTPConnection object at 0x7f7a1a1a7390>, 'Connection to nanrenvip.net timed out. (connect timeout=10)'))
2017-09-17 11:11:10 ERROR HTTPConnectionPool(host='nanrenvip.net', port=80): Max retries exceeded with url: /find.html (Caused by ConnectTimeoutError(<urllib3.connection.HTTPConnection object at 0x7f7a1a1a7be0>, 'Connection to nanrenvip.net timed out. (connect timeout=10)'))
2017-09-17 11:11:20 ERROR HTTPConnectionPool(host='nanrenvip.net', port=80): Max retries exceeded with url: /find.html (Caused by ConnectTimeoutError(<urllib3.connection.HTTPConnection object at 0x7f7a1a1bf438>, 'Connection to nanrenvip.net timed out. (connect timeout=10)'))
2017-09-17 11:11:20 ERROR can not get html content: find.html
2017-09-17 11:12:12 ERROR HTTPConnectionPool(host='nanrenvip.net', port=80): Max retries exceeded with url: /find.html (Caused by ConnectTimeoutError(<urllib3.connection.HTTPConnection object at 0x7f4b21efc390>, 'Connection to nanrenvip.net timed out. (connect timeout=10)'))
2017-09-17 11:12:22 ERROR HTTPConnectionPool(host='nanrenvip.net', port=80): Max retries exceeded with url: /find.html (Caused by ConnectTimeoutError(<urllib3.connection.HTTPConnection object at 0x7f4b21efcbe0>, 'Connection to nanrenvip.net timed out. (connect timeout=10)'))
2017-09-17 11:12:22 ERROR can not get html content: find.html
2017-09-17 11:18:32 ERROR HTTPConnectionPool(host='static.nanrenvip.net', port=80): Max retries exceeded with url: /uploads/2017/08/pppd566pl.jpg (Caused by ConnectTimeoutError(<urllib3.connection.HTTPConnection object at 0x7fa27d96e128>, 'Connection to static.nanrenvip.net timed out. (connect timeout=60)'))
2017-09-17 11:18:46 ERROR HTTPConnectionPool(host='static.nanrenvip.net', port=80): Max retries exceeded with url: /uploads/2017/08/pppd566pl.jpg (Caused by ConnectTimeoutError(<urllib3.connection.HTTPConnection object at 0x7f3078ccc0f0>, 'Connection to static.nanrenvip.net timed out. (connect timeout=3)'))
2017-09-17 11:18:49 ERROR HTTPConnectionPool(host='static.nanrenvip.net', port=80): Max retries exceeded with url: /uploads/2017/08/pppd566pl.jpg (Caused by ConnectTimeoutError(<urllib3.connection.HTTPConnection object at 0x7f3078ccc898>, 'Connection to static.nanrenvip.net timed out. (connect timeout=3)'))
2017-09-17 11:19:07 ERROR HTTPConnectionPool(host='static.nanrenvip.net', port=80): Max retries exceeded with url: /uploads/2017/08/pppd566pl.jpg (Caused by ConnectTimeoutError(<urllib3.connection.HTTPConnection object at 0x7f8a4a4b2eb8>, 'Connection to static.nanrenvip.net timed out. (connect timeout=3)'))
2017-09-17 11:19:10 ERROR HTTPConnectionPool(host='static.nanrenvip.net', port=80): Max retries exceeded with url: /uploads/2017/08/pppd566pl.jpg (Caused by ConnectTimeoutError(<urllib3.connection.HTTPConnection object at 0x7f8a4a4796a0>, 'Connection to static.nanrenvip.net timed out. (connect timeout=3)'))
2017-09-17 11:22:13 ERROR HTTPConnectionPool(host='static.nanrenvip.net', port=80): Max retries exceeded with url: /uploads/2017/08/pppd566pl.jpg (Caused by ConnectTimeoutError(<urllib3.connection.HTTPConnection object at 0x7fc84d869160>, 'Connection to static.nanrenvip.net timed out. (connect timeout=3)'))
2017-09-17 11:22:16 ERROR HTTPConnectionPool(host='static.nanrenvip.net', port=80): Max retries exceeded with url: /uploads/2017/08/pppd566pl.jpg (Caused by ConnectTimeoutError(<urllib3.connection.HTTPConnection object at 0x7fc84d869908>, 'Connection to static.nanrenvip.net timed out. (connect timeout=3)'))
2017-09-17 11:22:16 ERROR can not load image: http://static.nanrenvip.net/uploads/2017/08/pppd566pl.jpg
2017-09-17 11:23:35 ERROR HTTPConnectionPool(host='static.nanrenvip.net', port=80): Max retries exceeded with url: /uploads/2017/08/pppd566pl.jpg (Caused by ConnectTimeoutError(<urllib3.connection.HTTPConnection object at 0x7fec3dc6bf28>, 'Connection to static.nanrenvip.net timed out. (connect timeout=3)'))
2017-09-17 11:23:39 ERROR HTTPConnectionPool(host='static.nanrenvip.net', port=80): Max retries exceeded with url: /uploads/2017/08/pppd566pl.jpg (Caused by ConnectTimeoutError(<urllib3.connection.HTTPConnection object at 0x7fec3dc32710>, 'Connection to static.nanrenvip.net timed out. (connect timeout=3)'))
2017-09-17 11:27:49 INFO download pics begins
2017-09-17 11:27:49 INFO begin save file: /var/services/homes/lijl/dev/python_gentleman_crawler/static/images/梨杏夏//PPPD-566.jpg
2017-09-17 11:27:49 INFO http://static.nanrenvip.net/uploads/2017/08/pppd566pl.jpg
2017-09-17 11:27:53 ERROR HTTPConnectionPool(host='static.nanrenvip.net', port=80): Max retries exceeded with url: /uploads/2017/08/pppd566pl.jpg (Caused by ConnectTimeoutError(<urllib3.connection.HTTPConnection object at 0x7f9f4e398e10>, 'Connection to static.nanrenvip.net timed out. (connect timeout=3)'))
2017-09-17 11:27:56 ERROR HTTPConnectionPool(host='static.nanrenvip.net', port=80): Max retries exceeded with url: /uploads/2017/08/pppd566pl.jpg (Caused by ConnectTimeoutError(<urllib3.connection.HTTPConnection object at 0x7f9f4e3305f8>, 'Connection to static.nanrenvip.net timed out. (connect timeout=3)'))
2017-09-17 11:27:56 ERROR download pics stopped: 
2017-09-17 11:27:56 ERROR can not load image: http://static.nanrenvip.net/uploads/2017/08/pppd566pl.jpg
